<?xml version="1.0" encoding="UTF-8"?>
<!-- Generated by org.testng.reporters.JUnitReportReporter -->
<testsuite hostname="DESKTOP-KV5U899" failures="0" tests="2" name="test.ProductSearchTest" time="32.209" errors="0" timestamp="2024-12-12T17:58:21 IST" skipped="0">
  <testcase classname="test.ProductSearchTest" name="VerifyIfUserIsAbleToSearchValidProduct" time="10.586"/>
  <testcase classname="test.ProductSearchTest" name="VerifyIfUserIsAbleToSearchInalidProduct" time="21.623"/>
</testsuite> <!-- test.ProductSearchTest -->
