<?xml version="1.0" encoding="UTF-8"?>
<!-- Generated by org.testng.reporters.JUnitReportReporter -->
<testsuite hostname="DESKTOP-KV5U899" failures="0" tests="10" name="test.AddProductToCart" time="159.227" errors="0" timestamp="2024-12-19T19:18:16 IST" skipped="0">
  <testcase classname="test.AddProductToCart" name="verifyRemoveAproductFromCartList" time="10.929"/>
  <testcase classname="test.AddProductToCart" name="verifyAddProductToCartUsingQuickView" time="10.735"/>
  <testcase classname="test.AddProductToCart" name="verifyRemoveMultipleProductFromCartList" time="21.015"/>
  <testcase classname="test.AddProductToCart" name="verifyAddproductToCartUsingProductDetailPage" time="15.664"/>
  <testcase classname="test.AddProductToCart" name="verifyAddingMultipleProductToCart" time="11.653"/>
  <testcase classname="test.AddProductToCart" name="verifyRemoveMultipleProductFromCartList" time="23.064"/>
  <testcase classname="test.AddProductToCart" name="verifyAddingMultipleProductToCart" time="15.474"/>
  <testcase classname="test.AddProductToCart" name="verifyAddproductToCartUsingProductDetailPage" time="13.484"/>
  <testcase classname="test.AddProductToCart" name="verifyAddProductToCartUsingQuickView" time="14.849"/>
  <testcase classname="test.AddProductToCart" name="verifyRemoveAproductFromCartList" time="22.360"/>
</testsuite> <!-- test.AddProductToCart -->
