<?xml version="1.0" encoding="UTF-8"?>
<!-- Generated by org.testng.reporters.JUnitReportReporter -->
<testsuite hostname="DESKTOP-KV5U899" failures="0" tests="1" name="test.ShoppingCategoriesTest" time="13.339" errors="0" timestamp="2024-12-16T15:35:47 IST" skipped="0">
  <testcase classname="test.ShoppingCategoriesTest" name="verifyOnClickingShoppingCategories" time="13.339"/>
</testsuite> <!-- test.ShoppingCategoriesTest -->
