<?xml version="1.0" encoding="UTF-8"?>
<!-- Generated by org.testng.reporters.JUnitReportReporter -->
<testsuite hostname="DESKTOP-KV5U899" failures="0" tests="4" name="test.AddProductToCart" time="123.604" errors="0" timestamp="2024-12-12T17:58:21 IST" skipped="0">
  <testcase classname="test.AddProductToCart" name="verifyAddingMultipleProductToCart" time="36.938"/>
  <testcase classname="test.AddProductToCart" name="VerifyRemoveAproductFromCartList" time="29.997"/>
  <testcase classname="test.AddProductToCart" name="verifyAddproductToCartUsingProductDetailPage" time="39.204"/>
  <testcase classname="test.AddProductToCart" name="verifyAddProductToCartUsingQuickView" time="17.465"/>
</testsuite> <!-- test.AddProductToCart -->
