<?xml version="1.0" encoding="UTF-8"?>
<!-- Generated by org.testng.reporters.JUnitReportReporter -->
<testsuite hostname="DESKTOP-KV5U899" failures="0" tests="2" name="test.ProductSearchTest" time="93.811" errors="0" timestamp="2024-12-16T15:35:47 IST" skipped="0">
  <testcase classname="test.ProductSearchTest" name="verifyIfUserIsAbleToSearchValidProduct" time="41.296"/>
  <testcase classname="test.ProductSearchTest" name="verifyIfUserIsAbleToSearchInalidProduct" time="52.515"/>
</testsuite> <!-- test.ProductSearchTest -->
