<?xml version="1.0" encoding="UTF-8"?>
<!-- Generated by org.testng.reporters.JUnitReportReporter -->
<testsuite hostname="DESKTOP-KV5U899" failures="0" tests="1" name="test.ShoppingCategoriesTest" time="10.834" errors="0" timestamp="2024-12-12T18:05:43 IST" skipped="0">
  <testcase classname="test.ShoppingCategoriesTest" name="VerifyOnClickingShoppingCategories" time="10.834"/>
</testsuite> <!-- test.ShoppingCategoriesTest -->
