<?xml version="1.0" encoding="UTF-8"?>
<!-- Generated by org.testng.reporters.JUnitReportReporter -->
<testsuite hostname="DESKTOP-KV5U899" failures="0" tests="4" name="test.AddProductToCart" time="99.813" errors="0" timestamp="2024-12-16T15:35:47 IST" skipped="0">
  <testcase classname="test.AddProductToCart" name="verifyAddingMultipleProductToCart" time="32.107"/>
  <testcase classname="test.AddProductToCart" name="verifyAddProductToCartUsingQuickView" time="23.719"/>
  <testcase classname="test.AddProductToCart" name="verifyRemoveAproductFromCartList" time="22.376"/>
  <testcase classname="test.AddProductToCart" name="verifyAddproductToCartUsingProductDetailPage" time="21.611"/>
</testsuite> <!-- test.AddProductToCart -->
