<?xml version="1.0" encoding="UTF-8"?>
<!-- Generated by org.testng.reporters.JUnitReportReporter -->
<testsuite hostname="DESKTOP-KV5U899" failures="0" tests="2" name="test.ShoppingCategoriesTest" time="17.851" errors="0" timestamp="2024-12-19T19:18:16 IST" skipped="0">
  <testcase classname="test.ShoppingCategoriesTest" name="verifyOnClickingShoppingCategories" time="7.009"/>
  <testcase classname="test.ShoppingCategoriesTest" name="verifyOnClickingShoppingCategories" time="10.842"/>
</testsuite> <!-- test.ShoppingCategoriesTest -->
