<?xml version="1.0" encoding="UTF-8"?>
<!-- Generated by org.testng.reporters.JUnitReportReporter -->
<testsuite hostname="DESKTOP-KV5U899" failures="0" tests="1" name="test.ProductDetailViewTest" time="12.698" errors="0" timestamp="2024-12-08T17:59:02 IST" skipped="0">
  <testcase classname="test.ProductDetailViewTest" name="VerifyAddProductToCartUsingProductDetailPage" time="12.698"/>
</testsuite> <!-- test.ProductDetailViewTest -->
