<?xml version="1.0" encoding="UTF-8"?>
<!-- Generated by org.testng.reporters.JUnitReportReporter -->
<testsuite hostname="DESKTOP-KV5U899" failures="0" tests="4" name="test.ProductDetailViewTest" time="46.722" errors="0" timestamp="2024-12-19T19:18:16 IST" skipped="0">
  <testcase classname="test.ProductDetailViewTest" name="verifyProductDetailsAreCorrectlyViewUsingProductDetailPage" time="10.283"/>
  <testcase classname="test.ProductDetailViewTest" name="verifyProductDetailsAreCorrectlyViewUsingProductDetailPage" time="13.894"/>
  <testcase classname="test.ProductDetailViewTest" name="verifyIfProdutDetailsAreCorrectIfViewInQuickView" time="12.767"/>
  <testcase classname="test.ProductDetailViewTest" name="verifyIfProdutDetailsAreCorrectIfViewInQuickView" time="9.778"/>
</testsuite> <!-- test.ProductDetailViewTest -->
