<?xml version="1.0" encoding="UTF-8"?>
<!-- Generated by org.testng.reporters.JUnitReportReporter -->
<testsuite hostname="DESKTOP-KV5U899" failures="0" tests="4" name="test.ProductSearchTest" time="42.350" errors="0" timestamp="2024-12-19T19:18:16 IST" skipped="0">
  <testcase classname="test.ProductSearchTest" name="verifyIfUserIsAbleToSearchInalidProduct" time="8.567"/>
  <testcase classname="test.ProductSearchTest" name="verifyIfUserIsAbleToSearchInalidProduct" time="11.963"/>
  <testcase classname="test.ProductSearchTest" name="verifyIfUserIsAbleToSearchValidProduct" time="9.294"/>
  <testcase classname="test.ProductSearchTest" name="verifyIfUserIsAbleToSearchValidProduct" time="12.526"/>
</testsuite> <!-- test.ProductSearchTest -->
